[0222/220843.255:ERROR:process_reader_win.cc(123)] NtOpenThread: {Access Denied} A process has requested access to an object, but has not been granted those access rights. (0xc0000022)
[0222/220843.257:ERROR:exception_snapshot_win.cc(88)] thread ID 10356 not found in process
[0222/221301.565:ERROR:process_reader_win.cc(123)] NtOpenThread: {Access Denied} A process has requested access to an object, but has not been granted those access rights. (0xc0000022)
[0222/221301.565:ERROR:exception_snapshot_win.cc(88)] thread ID 1644 not found in process
[0222/221958.094:ERROR:process_reader_win.cc(123)] NtOpenThread: {Access Denied} A process has requested access to an object, but has not been granted those access rights. (0xc0000022)
[0222/221958.095:ERROR:exception_snapshot_win.cc(88)] thread ID 4616 not found in process
[0225/211225.086:ERROR:process_reader_win.cc(123)] NtOpenThread: {Access Denied} A process has requested access to an object, but has not been granted those access rights. (0xc0000022)
[0225/211225.088:ERROR:exception_snapshot_win.cc(88)] thread ID 5988 not found in process
[0225/212526.970:ERROR:process_reader_win.cc(123)] NtOpenThread: {Access Denied} A process has requested access to an object, but has not been granted those access rights. (0xc0000022)
[0225/212526.986:ERROR:exception_snapshot_win.cc(88)] thread ID 8076 not found in process
[0225/221019.852:ERROR:process_reader_win.cc(123)] NtOpenThread: {Access Denied} A process has requested access to an object, but has not been granted those access rights. (0xc0000022)
[0225/221019.854:ERROR:exception_snapshot_win.cc(88)] thread ID 2720 not found in process
[0320/164150.682:ERROR:process_reader_win.cc(123)] NtOpenThread: {Access Denied} A process has requested access to an object, but has not been granted those access rights. (0xc0000022)
[0320/164150.683:ERROR:exception_snapshot_win.cc(88)] thread ID 13668 not found in process
[0320/164318.598:ERROR:process_reader_win.cc(123)] NtOpenThread: {Access Denied} A process has requested access to an object, but has not been granted those access rights. (0xc0000022)
[0320/164318.598:ERROR:exception_snapshot_win.cc(88)] thread ID 12204 not found in process
[0320/171308.770:ERROR:process_reader_win.cc(123)] NtOpenThread: {Access Denied} A process has requested access to an object, but has not been granted those access rights. (0xc0000022)
[0320/171308.770:ERROR:exception_snapshot_win.cc(88)] thread ID 1940 not found in process
[0320/171732.106:ERROR:process_reader_win.cc(123)] NtOpenThread: {Access Denied} A process has requested access to an object, but has not been granted those access rights. (0xc0000022)
[0320/171732.108:ERROR:exception_snapshot_win.cc(88)] thread ID 18764 not found in process
[0320/171909.379:ERROR:process_reader_win.cc(123)] NtOpenThread: {Access Denied} A process has requested access to an object, but has not been granted those access rights. (0xc0000022)
[0320/171909.380:ERROR:exception_snapshot_win.cc(88)] thread ID 3696 not found in process
<<<<<<< HEAD
[0328/120055.252:ERROR:process_reader_win.cc(123)] NtOpenThread: {Access Denied} A process has requested access to an object, but has not been granted those access rights. (0xc0000022)
[0328/120055.267:ERROR:exception_snapshot_win.cc(98)] thread ID 5744 not found in process
[0412/122830.568:ERROR:process_reader_win.cc(123)] NtOpenThread: {Access Denied} A process has requested access to an object, but has not been granted those access rights. (0xc0000022)
[0412/122830.568:ERROR:exception_snapshot_win.cc(98)] thread ID 7928 not found in process
[0412/124604.908:ERROR:process_reader_win.cc(123)] NtOpenThread: {Access Denied} A process has requested access to an object, but has not been granted those access rights. (0xc0000022)
[0412/124604.908:ERROR:exception_snapshot_win.cc(98)] thread ID 6468 not found in process
[0412/125230.963:ERROR:process_reader_win.cc(123)] NtOpenThread: {Access Denied} A process has requested access to an object, but has not been granted those access rights. (0xc0000022)
[0412/125230.963:ERROR:exception_snapshot_win.cc(98)] thread ID 8464 not found in process
=======
[0328/112330.356:ERROR:process_reader_win.cc(123)] NtOpenThread: {Access Denied} A process has requested access to an object, but has not been granted those access rights. (0xc0000022)
[0328/112330.388:ERROR:exception_snapshot_win.cc(98)] thread ID 1064 not found in process
[0328/112405.282:ERROR:process_reader_win.cc(123)] NtOpenThread: {Access Denied} A process has requested access to an object, but has not been granted those access rights. (0xc0000022)
[0328/112405.283:ERROR:exception_snapshot_win.cc(98)] thread ID 1080 not found in process
[0328/112825.913:ERROR:process_reader_win.cc(123)] NtOpenThread: {Access Denied} A process has requested access to an object, but has not been granted those access rights. (0xc0000022)
[0328/112825.913:ERROR:exception_snapshot_win.cc(98)] thread ID 3548 not found in process
[0328/113129.212:ERROR:process_reader_win.cc(123)] NtOpenThread: {Access Denied} A process has requested access to an object, but has not been granted those access rights. (0xc0000022)
[0328/113129.213:ERROR:exception_snapshot_win.cc(98)] thread ID 19424 not found in process
[0328/131636.361:ERROR:process_reader_win.cc(123)] NtOpenThread: {Access Denied} A process has requested access to an object, but has not been granted those access rights. (0xc0000022)
[0328/131636.402:ERROR:exception_snapshot_win.cc(98)] thread ID 11532 not found in process
[0328/131748.759:ERROR:process_reader_win.cc(123)] NtOpenThread: {Access Denied} A process has requested access to an object, but has not been granted those access rights. (0xc0000022)
[0328/131748.759:ERROR:exception_snapshot_win.cc(98)] thread ID 7712 not found in process
>>>>>>> 43d1bbfb8d4437298767485e125b84158065bdde
